# JRE version: Java(TM) SE Runtime Environment (8.0_111-b14) (build 1.8.0_111-b14)
# Java VM: Java HotSpot(TM) 64-Bit Server VM (25.111-b14 mixed mode windows-amd64 compressed oops)
Heap:
 PSYoungGen      total 341504K, used 294550K [0x000000076b380000, 0x0000000780e80000, 0x00000007c0000000)
  eden space 327680K, 89% used [0x000000076b380000,0x000000077d2059e8,0x000000077f380000)
  from space 13824K, 8% used [0x000000077f380000,0x000000077f4a0000,0x0000000780100000)
  to   space 13824K, 0% used [0x0000000780100000,0x0000000780100000,0x0000000780e80000)
 ParOldGen       total 175104K, used 10584K [0x00000006c1a00000, 0x00000006cc500000, 0x000000076b380000)
  object space 175104K, 6% used [0x00000006c1a00000,0x00000006c24560f0,0x00000006cc500000)
 Metaspace       used 18844K, capacity 20020K, committed 20352K, reserved 1067008K
  class space    used 2573K, capacity 2819K, committed 2944K, reserved 1048576K
GC Heap History (10 events):
Event: 28.515 GC heap before
{Heap before GC invocations=9 (full 0):
 PSYoungGen      total 140288K, used 128416K [0x000000076b380000, 0x0000000774b80000, 0x00000007c0000000)
  eden space 128000K, 100% used [0x000000076b380000,0x0000000773080000,0x0000000773080000)
  from space 12288K, 3% used [0x0000000773d80000,0x0000000773de8000,0x0000000774980000)
  to   space 13312K, 0% used [0x0000000773080000,0x0000000773080000,0x0000000773d80000)
 ParOldGen       total 175104K, used 9088K [0x00000006c1a00000, 0x00000006cc500000, 0x000000076b380000)
  object space 175104K, 5% used [0x00000006c1a00000,0x00000006c22e0160,0x00000006cc500000)
 Metaspace       used 18569K, capacity 19682K, committed 19840K, reserved 1067008K
  class space    used 2571K, capacity 2818K, committed 2944K, reserved 1048576K
Event: 28.516 GC heap after
Heap after GC invocations=9 (full 0):
 PSYoungGen      total 141312K, used 512K [0x000000076b380000, 0x0000000779680000, 0x00000007c0000000)
  eden space 128000K, 0% used [0x000000076b380000,0x000000076b380000,0x0000000773080000)
  from space 13312K, 3% used [0x0000000773080000,0x0000000773100000,0x0000000773d80000)
  to   space 13824K, 0% used [0x0000000778900000,0x0000000778900000,0x0000000779680000)
 ParOldGen       total 175104K, used 9168K [0x00000006c1a00000, 0x00000006cc500000, 0x000000076b380000)
  object space 175104K, 5% used [0x00000006c1a00000,0x00000006c22f4160,0x00000006cc500000)
 Metaspace       used 18569K, capacity 19682K, committed 19840K, reserved 1067008K
  class space    used 2571K, capacity 2818K, committed 2944K, reserved 1048576K
}
Event: 32.133 GC heap before
{Heap before GC invocations=10 (full 0):
 PSYoungGen      total 141312K, used 128512K [0x000000076b380000, 0x0000000779680000, 0x00000007c0000000)
  eden space 128000K, 100% used [0x000000076b380000,0x0000000773080000,0x0000000773080000)
  from space 13312K, 3% used [0x0000000773080000,0x0000000773100000,0x0000000773d80000)
  to   space 13824K, 0% used [0x0000000778900000,0x0000000778900000,0x0000000779680000)
 ParOldGen       total 175104K, used 9295K [0x00000006c1a00000, 0x00000006cc500000, 0x000000076b380000)
  object space 175104K, 5% used [0x00000006c1a00000,0x00000006c2313e28,0x00000006cc500000)
 Metaspace       used 18580K, capacity 19682K, committed 19840K, reserved 1067008K
  class space    used 2571K, capacity 2818K, committed 2944K, reserved 1048576K
Event: 32.134 GC heap after
Heap after GC invocations=10 (full 0):
 PSYoungGen      total 218624K, used 832K [0x000000076b380000, 0x0000000779680000, 0x00000007c0000000)
  eden space 204800K, 0% used [0x000000076b380000,0x000000076b380000,0x0000000777b80000)
  from space 13824K, 6% used [0x0000000778900000,0x00000007789d0000,0x0000000779680000)
  to   space 13824K, 0% used [0x0000000777b80000,0x0000000777b80000,0x0000000778900000)
 ParOldGen       total 175104K, used 9375K [0x00000006c1a00000, 0x00000006cc500000, 0x000000076b380000)
  object space 175104K, 5% used [0x00000006c1a00000,0x00000006c2327e28,0x00000006cc500000)
 Metaspace       used 18580K, capacity 19682K, committed 19840K, reserved 1067008K
  class space    used 2571K, capacity 2818K, committed 2944K, reserved 1048576K
}
Event: 37.397 GC heap before
{Heap before GC invocations=11 (full 0):
 PSYoungGen      total 218624K, used 205632K [0x000000076b380000, 0x0000000779680000, 0x00000007c0000000)
  eden space 204800K, 100% used [0x000000076b380000,0x0000000777b80000,0x0000000777b80000)
  from space 13824K, 6% used [0x0000000778900000,0x00000007789d0000,0x0000000779680000)
  to   space 13824K, 0% used [0x0000000777b80000,0x0000000777b80000,0x0000000778900000)
 ParOldGen       total 175104K, used 9448K [0x00000006c1a00000, 0x00000006cc500000, 0x000000076b380000)
  object space 175104K, 5% used [0x00000006c1a00000,0x00000006c233a0d8,0x00000006cc500000)
 Metaspace       used 18769K, capacity 19892K, committed 20096K, reserved 1067008K
  class space    used 2571K, capacity 2819K, committed 2944K, reserved 1048576K
Event: 37.399 GC heap after
Heap after GC invocations=11 (full 0):
 PSYoungGen      total 218624K, used 1568K [0x000000076b380000, 0x0000000780e80000, 0x00000007c0000000)
  eden space 204800K, 0% used [0x000000076b380000,0x000000076b380000,0x0000000777b80000)
  from space 13824K, 11% used [0x0000000777b80000,0x0000000777d08000,0x0000000778900000)
  to   space 13824K, 0% used [0x0000000780100000,0x0000000780100000,0x0000000780e80000)
 ParOldGen       total 175104K, used 9760K [0x00000006c1a00000, 0x00000006cc500000, 0x000000076b380000)
  object space 175104K, 5% used [0x00000006c1a00000,0x00000006c23880d8,0x00000006cc500000)
 Metaspace       used 18769K, capacity 19892K, committed 20096K, reserved 1067008K
  class space    used 2571K, capacity 2819K, committed 2944K, reserved 1048576K
}
Event: 42.765 GC heap before
{Heap before GC invocations=12 (full 0):
 PSYoungGen      total 218624K, used 206368K [0x000000076b380000, 0x0000000780e80000, 0x00000007c0000000)
  eden space 204800K, 100% used [0x000000076b380000,0x0000000777b80000,0x0000000777b80000)
  from space 13824K, 11% used [0x0000000777b80000,0x0000000777d08000,0x0000000778900000)
  to   space 13824K, 0% used [0x0000000780100000,0x0000000780100000,0x0000000780e80000)
 ParOldGen       total 175104K, used 9879K [0x00000006c1a00000, 0x00000006cc500000, 0x000000076b380000)
  object space 175104K, 5% used [0x00000006c1a00000,0x00000006c23a5d58,0x00000006cc500000)
 Metaspace       used 18779K, capacity 19892K, committed 20096K, reserved 1067008K
  class space    used 2572K, capacity 2819K, committed 2944K, reserved 1048576K
Event: 42.766 GC heap after
Heap after GC invocations=12 (full 0):
 PSYoungGen      total 341504K, used 992K [0x000000076b380000, 0x0000000780e80000, 0x00000007c0000000)
  eden space 327680K, 0% used [0x000000076b380000,0x000000076b380000,0x000000077f380000)
  from space 13824K, 7% used [0x0000000780100000,0x00000007801f8000,0x0000000780e80000)
  to   space 13824K, 0% used [0x000000077f380000,0x000000077f380000,0x0000000780100000)
 ParOldGen       total 175104K, used 10519K [0x00000006c1a00000, 0x00000006cc500000, 0x000000076b380000)
  object space 175104K, 6% used [0x00000006c1a00000,0x00000006c2445d58,0x00000006cc500000)
 Metaspace       used 18779K, capacity 19892K, committed 20096K, reserved 1067008K
  class space    used 2572K, capacity 2819K, committed 2944K, reserved 1048576K
}
Event: 51.106 GC heap before
{Heap before GC invocations=13 (full 0):
 PSYoungGen      total 341504K, used 328672K [0x000000076b380000, 0x0000000780e80000, 0x00000007c0000000)
  eden space 327680K, 100% used [0x000000076b380000,0x000000077f380000,0x000000077f380000)
  from space 13824K, 7% used [0x0000000780100000,0x00000007801f8000,0x0000000780e80000)
  to   space 13824K, 0% used [0x000000077f380000,0x000000077f380000,0x0000000780100000)
 ParOldGen       total 175104K, used 10520K [0x00000006c1a00000, 0x00000006cc500000, 0x000000076b380000)
  object space 175104K, 6% used [0x00000006c1a00000,0x00000006c24460f0,0x00000006cc500000)
 Metaspace       used 18796K, capacity 19956K, committed 20352K, reserved 1067008K
  class space    used 2573K, capacity 2819K, committed 2944K, reserved 1048576K
Event: 51.108 GC heap after
Heap after GC invocations=13 (full 0):
 PSYoungGen      total 341504K, used 1152K [0x000000076b380000, 0x0000000780e80000, 0x00000007c0000000)
  eden space 327680K, 0% used [0x000000076b380000,0x000000076b380000,0x000000077f380000)
  from space 13824K, 8% used [0x000000077f380000,0x000000077f4a0000,0x0000000780100000)
  to   space 13824K, 0% used [0x0000000780100000,0x0000000780100000,0x0000000780e80000)
 ParOldGen       total 175104K, used 10584K [0x00000006c1a00000, 0x00000006cc500000, 0x000000076b380000)
  object space 175104K, 6% used [0x00000006c1a00000,0x00000006c24560f0,0x00000006cc500000)
 Metaspace       used 18796K, capacity 19956K, committed 20352K, reserved 1067008K
  class space    used 2573K, capacity 2819K, committed 2944K, reserved 1048576K
}

